# JRE version: Java(TM) SE Runtime Environment (8.0_181-b13) (build 1.8.0_181-b13)
# Java VM: Java HotSpot(TM) 64-Bit Server VM (25.181-b13 mixed mode linux-amd64 compressed oops)
Heap:
 PSYoungGen      total 434176K, used 18059K [0x000000076d200000, 0x000000078b080000, 0x00000007c0000000)
  eden space 416768K, 4% used [0x000000076d200000,0x000000076e3a2ff8,0x0000000786900000)
  from space 17408K, 0% used [0x0000000789f80000,0x0000000789f80000,0x000000078b080000)
  to   space 21504K, 0% used [0x0000000788680000,0x0000000788680000,0x0000000789b80000)
 ParOldGen       total 135168K, used 27312K [0x00000006c7600000, 0x00000006cfa00000, 0x000000076d200000)
  object space 135168K, 20% used [0x00000006c7600000,0x00000006c90ac1a8,0x00000006cfa00000)
 Metaspace       used 47445K, capacity 50176K, committed 50304K, reserved 1091584K
  class space    used 6718K, capacity 7262K, committed 7296K, reserved 1048576K
GC Heap History (10 events):
Event: 2,068 GC heap before
{Heap before GC invocations=5 (full 1):
 PSYoungGen      total 268288K, used 6231K [0x000000076d200000, 0x000000077e200000, 0x00000007c0000000)
  eden space 258048K, 0% used [0x000000076d200000,0x000000076d200000,0x000000077ce00000)
  from space 10240K, 60% used [0x000000077d800000,0x000000077de15e28,0x000000077e200000)
  to   space 10240K, 0% used [0x000000077ce00000,0x000000077ce00000,0x000000077d800000)
 ParOldGen       total 171008K, used 1530K [0x00000006c7600000, 0x00000006d1d00000, 0x000000076d200000)
  object space 171008K, 0% used [0x00000006c7600000,0x00000006c777eb48,0x00000006d1d00000)
 Metaspace       used 20210K, capacity 21090K, committed 21248K, reserved 1067008K
  class space    used 2729K, capacity 2948K, committed 3072K, reserved 1048576K
Event: 2,107 GC heap after
Heap after GC invocations=5 (full 1):
 PSYoungGen      total 268288K, used 0K [0x000000076d200000, 0x000000077e200000, 0x00000007c0000000)
  eden space 258048K, 0% used [0x000000076d200000,0x000000076d200000,0x000000077ce00000)
  from space 10240K, 0% used [0x000000077d800000,0x000000077d800000,0x000000077e200000)
  to   space 10240K, 0% used [0x000000077ce00000,0x000000077ce00000,0x000000077d800000)
 ParOldGen       total 85504K, used 6136K [0x00000006c7600000, 0x00000006cc980000, 0x000000076d200000)
  object space 85504K, 7% used [0x00000006c7600000,0x00000006c7bfe100,0x00000006cc980000)
 Metaspace       used 20208K, capacity 21084K, committed 21248K, reserved 1067008K
  class space    used 2728K, capacity 2947K, committed 3072K, reserved 1048576K
}
Event: 3,814 GC heap before
{Heap before GC invocations=6 (full 1):
 PSYoungGen      total 268288K, used 211604K [0x000000076d200000, 0x000000077e200000, 0x00000007c0000000)
  eden space 258048K, 82% used [0x000000076d200000,0x000000077a0a5130,0x000000077ce00000)
  from space 10240K, 0% used [0x000000077d800000,0x000000077d800000,0x000000077e200000)
  to   space 10240K, 0% used [0x000000077ce00000,0x000000077ce00000,0x000000077d800000)
 ParOldGen       total 85504K, used 6136K [0x00000006c7600000, 0x00000006cc980000, 0x000000076d200000)
  object space 85504K, 7% used [0x00000006c7600000,0x00000006c7bfe100,0x00000006cc980000)
 Metaspace       used 33524K, capacity 35306K, committed 35416K, reserved 1079296K
  class space    used 4486K, capacity 4832K, committed 4864K, reserved 1048576K
Event: 3,838 GC heap after
Heap after GC invocations=6 (full 1):
 PSYoungGen      total 268288K, used 10229K [0x000000076d200000, 0x000000078b180000, 0x00000007c0000000)
  eden space 258048K, 0% used [0x000000076d200000,0x000000076d200000,0x000000077ce00000)
  from space 10240K, 99% used [0x000000077ce00000,0x000000077d7fd5f0,0x000000077d800000)
  to   space 18432K, 0% used [0x0000000789f80000,0x0000000789f80000,0x000000078b180000)
 ParOldGen       total 85504K, used 12575K [0x00000006c7600000, 0x00000006cc980000, 0x000000076d200000)
  object space 85504K, 14% used [0x00000006c7600000,0x00000006c8247d28,0x00000006cc980000)
 Metaspace       used 33524K, capacity 35306K, committed 35416K, reserved 1079296K
  class space    used 4486K, capacity 4832K, committed 4864K, reserved 1048576K
}
Event: 3,838 GC heap before
{Heap before GC invocations=7 (full 2):
 PSYoungGen      total 268288K, used 10229K [0x000000076d200000, 0x000000078b180000, 0x00000007c0000000)
  eden space 258048K, 0% used [0x000000076d200000,0x000000076d200000,0x000000077ce00000)
  from space 10240K, 99% used [0x000000077ce00000,0x000000077d7fd5f0,0x000000077d800000)
  to   space 18432K, 0% used [0x0000000789f80000,0x0000000789f80000,0x000000078b180000)
 ParOldGen       total 85504K, used 12575K [0x00000006c7600000, 0x00000006cc980000, 0x000000076d200000)
  object space 85504K, 14% used [0x00000006c7600000,0x00000006c8247d28,0x00000006cc980000)
 Metaspace       used 33524K, capacity 35306K, committed 35416K, reserved 1079296K
  class space    used 4486K, capacity 4832K, committed 4864K, reserved 1048576K
Event: 3,939 GC heap after
Heap after GC invocations=7 (full 2):
 PSYoungGen      total 268288K, used 0K [0x000000076d200000, 0x000000078b180000, 0x00000007c0000000)
  eden space 258048K, 0% used [0x000000076d200000,0x000000076d200000,0x000000077ce00000)
  from space 10240K, 0% used [0x000000077ce00000,0x000000077ce00000,0x000000077d800000)
  to   space 18432K, 0% used [0x0000000789f80000,0x0000000789f80000,0x000000078b180000)
 ParOldGen       total 135168K, used 21798K [0x00000006c7600000, 0x00000006cfa00000, 0x000000076d200000)
  object space 135168K, 16% used [0x00000006c7600000,0x00000006c8b499e0,0x00000006cfa00000)
 Metaspace       used 33524K, capacity 35306K, committed 35416K, reserved 1079296K
  class space    used 4486K, capacity 4832K, committed 4864K, reserved 1048576K
}
Event: 93,212 GC heap before
{Heap before GC invocations=8 (full 2):
 PSYoungGen      total 268288K, used 204876K [0x000000076d200000, 0x000000078b180000, 0x00000007c0000000)
  eden space 258048K, 79% used [0x000000076d200000,0x0000000779a13230,0x000000077ce00000)
  from space 10240K, 0% used [0x000000077ce00000,0x000000077ce00000,0x000000077d800000)
  to   space 18432K, 0% used [0x0000000789f80000,0x0000000789f80000,0x000000078b180000)
 ParOldGen       total 135168K, used 21798K [0x00000006c7600000, 0x00000006cfa00000, 0x000000076d200000)
  object space 135168K, 16% used [0x00000006c7600000,0x00000006c8b499e0,0x00000006cfa00000)
 Metaspace       used 47421K, capacity 50154K, committed 50304K, reserved 1091584K
  class space    used 6715K, capacity 7258K, committed 7296K, reserved 1048576K
Event: 93,237 GC heap after
Heap after GC invocations=8 (full 2):
 PSYoungGen      total 434176K, used 17403K [0x000000076d200000, 0x000000078b080000, 0x00000007c0000000)
  eden space 416768K, 0% used [0x000000076d200000,0x000000076d200000,0x0000000786900000)
  from space 17408K, 99% used [0x0000000789f80000,0x000000078b07efa0,0x000000078b080000)
  to   space 21504K, 0% used [0x0000000788680000,0x0000000788680000,0x0000000789b80000)
 ParOldGen       total 135168K, used 21806K [0x00000006c7600000, 0x00000006cfa00000, 0x000000076d200000)
  object space 135168K, 16% used [0x00000006c7600000,0x00000006c8b4b9e0,0x00000006cfa00000)
 Metaspace       used 47421K, capacity 50154K, committed 50304K, reserved 1091584K
  class space    used 6715K, capacity 7258K, committed 7296K, reserved 1048576K
}
Event: 93,237 GC heap before
{Heap before GC invocations=9 (full 3):
 PSYoungGen      total 434176K, used 17403K [0x000000076d200000, 0x000000078b080000, 0x00000007c0000000)
  eden space 416768K, 0% used [0x000000076d200000,0x000000076d200000,0x0000000786900000)
  from space 17408K, 99% used [0x0000000789f80000,0x000000078b07efa0,0x000000078b080000)
  to   space 21504K, 0% used [0x0000000788680000,0x0000000788680000,0x0000000789b80000)
 ParOldGen       total 135168K, used 21806K [0x00000006c7600000, 0x00000006cfa00000, 0x000000076d200000)
  object space 135168K, 16% used [0x00000006c7600000,0x00000006c8b4b9e0,0x00000006cfa00000)
 Metaspace       used 47421K, capacity 50154K, committed 50304K, reserved 1091584K
  class space    used 6715K, capacity 7258K, committed 7296K, reserved 1048576K
Event: 93,341 GC heap after
Heap after GC invocations=9 (full 3):
 PSYoungGen      total 434176K, used 0K [0x000000076d200000, 0x000000078b080000, 0x00000007c0000000)
  eden space 416768K, 0% used [0x000000076d200000,0x000000076d200000,0x0000000786900000)
  from space 17408K, 0% used [0x0000000789f80000,0x0000000789f80000,0x000000078b080000)
  to   space 21504K, 0% used [0x0000000788680000,0x0000000788680000,0x0000000789b80000)
 ParOldGen       total 135168K, used 27312K [0x00000006c7600000, 0x00000006cfa00000, 0x000000076d200000)
  object space 135168K, 20% used [0x00000006c7600000,0x00000006c90ac1a8,0x00000006cfa00000)
 Metaspace       used 47421K, capacity 50154K, committed 50304K, reserved 1091584K
  class space    used 6715K, capacity 7258K, committed 7296K, reserved 1048576K
}

